javax.imageio.IIOException: Can't read input file!
	at javax.imageio.ImageIO.read(ImageIO.java:1301)
	at com.levins.webportal.certificate.client.UI.ClientPanel.<init>(ClientPanel.java:155)
	at com.levins.webportal.certificate.client.RunClientApp.main(RunClientApp.java:11)
javax.imageio.IIOException: Can't read input file!
	at javax.imageio.ImageIO.read(ImageIO.java:1301)
	at com.levins.webportal.certificate.client.UI.ClientPanel.<init>(ClientPanel.java:155)
	at com.levins.webportal.certificate.client.RunClientApp.main(RunClientApp.java:11)
javax.imageio.IIOException: Can't read input file!
	at javax.imageio.ImageIO.read(ImageIO.java:1301)
	at com.levins.webportal.certificate.client.UI.ClientPanel.<init>(ClientPanel.java:155)
	at com.levins.webportal.certificate.client.RunClientApp.main(RunClientApp.java:11)
javax.imageio.IIOException: Can't read input file!
	at javax.imageio.ImageIO.read(ImageIO.java:1301)
	at com.levins.webportal.certificate.client.UI.ClientPanel.<init>(ClientPanel.java:155)
	at com.levins.webportal.certificate.client.RunClientApp.main(RunClientApp.java:11)
javax.imageio.IIOException: Can't read input file!
	at javax.imageio.ImageIO.read(ImageIO.java:1301)
	at com.levins.webportal.certificate.client.UI.ClientPanel.<init>(ClientPanel.java:154)
	at com.levins.webportal.certificate.client.RunClientApp.main(RunClientApp.java:11)
javax.mail.MessagingException: IOException while sending message;
  nested exception is:
	java.io.FileNotFoundException: Q:\08_01_2016\W00011.pfx (The system cannot find the file specified)
	at com.sun.mail.smtp.SMTPTransport.sendMessage(SMTPTransport.java:1290)
	at javax.mail.Transport.send0(Transport.java:255)
	at javax.mail.Transport.send(Transport.java:124)
	at com.levins.webportal.certificate.client.MailSender.sendMail(MailSender.java:116)
	at com.levins.webportal.certificate.client.Client.createUserFromFile(Client.java:154)
	at com.levins.webportal.certificate.client.Client.run(Client.java:64)
Caused by: java.io.FileNotFoundException: Q:\08_01_2016\W00011.pfx (The system cannot find the file specified)
	at java.io.FileInputStream.open0(Native Method)
	at java.io.FileInputStream.open(FileInputStream.java:195)
	at java.io.FileInputStream.<init>(FileInputStream.java:138)
	at javax.activation.FileDataSource.getInputStream(FileDataSource.java:97)
	at javax.activation.DataHandler.writeTo(DataHandler.java:305)
	at javax.mail.internet.MimeBodyPart.writeTo(MimeBodyPart.java:1645)
	at javax.mail.internet.MimeBodyPart.writeTo(MimeBodyPart.java:961)
	at javax.mail.internet.MimeMultipart.writeTo(MimeMultipart.java:553)
	at com.sun.mail.handlers.multipart_mixed.writeTo(multipart_mixed.java:81)
	at javax.activation.ObjectDataContentHandler.writeTo(DataHandler.java:889)
	at javax.activation.DataHandler.writeTo(DataHandler.java:317)
	at javax.mail.internet.MimeBodyPart.writeTo(MimeBodyPart.java:1645)
	at javax.mail.internet.MimeMessage.writeTo(MimeMessage.java:1850)
	at com.sun.mail.smtp.SMTPTransport.sendMessage(SMTPTransport.java:1241)
	... 5 more
javax.mail.MessagingException: IOException while sending message;
  nested exception is:
	java.io.FileNotFoundException: Q:\08_01_2016\W00021.pfx (The system cannot find the file specified)
	at com.sun.mail.smtp.SMTPTransport.sendMessage(SMTPTransport.java:1290)
	at javax.mail.Transport.send0(Transport.java:255)
	at javax.mail.Transport.send(Transport.java:124)
	at com.levins.webportal.certificate.client.MailSender.sendMail(MailSender.java:116)
	at com.levins.webportal.certificate.client.Client.createUserFromFile(Client.java:154)
	at com.levins.webportal.certificate.client.Client.run(Client.java:64)
Caused by: java.io.FileNotFoundException: Q:\08_01_2016\W00021.pfx (The system cannot find the file specified)
	at java.io.FileInputStream.open0(Native Method)
	at java.io.FileInputStream.open(FileInputStream.java:195)
	at java.io.FileInputStream.<init>(FileInputStream.java:138)
	at javax.activation.FileDataSource.getInputStream(FileDataSource.java:97)
	at javax.activation.DataHandler.writeTo(DataHandler.java:305)
	at javax.mail.internet.MimeBodyPart.writeTo(MimeBodyPart.java:1645)
	at javax.mail.internet.MimeBodyPart.writeTo(MimeBodyPart.java:961)
	at javax.mail.internet.MimeMultipart.writeTo(MimeMultipart.java:553)
	at com.sun.mail.handlers.multipart_mixed.writeTo(multipart_mixed.java:81)
	at javax.activation.ObjectDataContentHandler.writeTo(DataHandler.java:889)
	at javax.activation.DataHandler.writeTo(DataHandler.java:317)
	at javax.mail.internet.MimeBodyPart.writeTo(MimeBodyPart.java:1645)
	at javax.mail.internet.MimeMessage.writeTo(MimeMessage.java:1850)
	at com.sun.mail.smtp.SMTPTransport.sendMessage(SMTPTransport.java:1241)
	... 5 more
